<?xml version="1.0" encoding="UTF-8"?>
<!-- Generated by org.testng.reporters.JUnitReportReporter -->
<testsuite hostname="Walikar" failures="0" tests="1" name="Food.Launchpizzahut_Test" time="16.633" errors="0" timestamp="2024-03-25T09:26:52 CDT" skipped="0">
  <testcase classname="Food.Launchpizzahut_Test" name="Domino" time="16.633"/>
  <system-out/>
</testsuite> <!-- Food.Launchpizzahut_Test -->
