<?xml version="1.0" encoding="UTF-8"?>
<!-- Generated by org.testng.reporters.JUnitReportReporter -->
<testsuite hostname="Walikar" failures="0" tests="1" name="Food.LaunchDomino_Test" time="14.011" errors="0" timestamp="2024-03-20T10:09:09 CDT" skipped="0">
  <testcase classname="Food.LaunchDomino_Test" name="Domino" time="14.011"/>
  <system-out/>
</testsuite> <!-- Food.LaunchDomino_Test -->
